Fri Mar 18 14:26:15 UTC 2022: 
 list.c | 6 +++++-
 1 file changed, 5 insertions(+), 1 deletion(-)
 tests:  1|5
total_score: 10/70
bba1ae8
Fri Mar 18 14:29:30 UTC 2022: 
 list.c | 4 ++++
 1 file changed, 4 insertions(+)
 tests:  2|5
total_score: 15/70
3cb79ff
Fri Mar 18 14:36:15 UTC 2022: 
 list.c | 4 ++++
 1 file changed, 4 insertions(+)
 tests:  3|5
total_score: 15/70
17084d6
Fri Mar 18 14:50:37 UTC 2022: 
 list.c | 5 ++++-
 1 file changed, 4 insertions(+), 1 deletion(-)
In file included from test.c:5:0:
list.c: In function ‘nextList’:
list.c:49:11: error: ‘List {aka struct List}’ has no member named ‘cuurent’; did you mean ‘current’?
     list->cuurent =list->current->next;
           ^~~~~~~
           current
list.c:50:11: error: expected expression before ‘->’ token
     return->list->current->data;
           ^~
Compilation failed
644b2b5
Fri Mar 18 14:50:47 UTC 2022: 
 list.c | 2 +-
 1 file changed, 1 insertion(+), 1 deletion(-)
In file included from test.c:5:0:
list.c: In function ‘nextList’:
list.c:49:11: error: ‘List {aka struct List}’ has no member named ‘cuurent’; did you mean ‘current’?
     list->cuurent =list->current->next;
           ^~~~~~~
           current
Compilation failed
5c61f9e
Fri Mar 18 14:50:53 UTC 2022: 
 list.c | 2 +-
 1 file changed, 1 insertion(+), 1 deletion(-)
 tests:  6|4
total_score: 25/70
88ac92d
Fri Mar 18 14:54:09 UTC 2022: 
 list.c | 4 ++++
 1 file changed, 4 insertions(+)
 tests:  9|3
total_score: 35/70
897eda2
Fri Mar 18 15:01:07 UTC 2022: 
 list.c | 7 +++++++
 1 file changed, 7 insertions(+)
In file included from test.c:5:0:
list.c: In function ‘pushFront’:
list.c:79:7: error: ‘List {aka struct List}’ has no member named ‘size’
   list->size++;
       ^~
Compilation failed
063d7c3
Fri Mar 18 15:01:29 UTC 2022: 
 list.c | 1 -
 1 file changed, 1 deletion(-)
 tests:  9|3
total_score: 35/70
1d33d1b
Fri Mar 18 15:02:43 UTC 2022: 
 list.c | 1 +
 1 file changed, 1 insertion(+)
 tests:  9|3
total_score: 35/70
9de6736
Fri Mar 18 15:09:49 UTC 2022: 
 list.c | 2 ++
 1 file changed, 2 insertions(+)
 tests:  10|2
total_score: 45/70
656207e
Fri Mar 18 17:02:52 UTC 2022: 
 list.c | 7 +++++++
 1 file changed, 7 insertions(+)
In file included from test.c:5:0:
list.c: In function ‘pushCurrent’:
list.c:90:16: error: implicit declaration of function ‘createnode’; did you mean ‘createNode’? [-Werror=implicit-function-declaration]
   Node *node = createnode(data);
                ^~~~~~~~~~
                createNode
list.c:90:16: error: initialization makes pointer from integer without a cast [-Werror=int-conversion]
list.c:93:9: error: ‘List {aka struct List}’ has no member named ‘next’
     list->next->prev=node;
         ^~
cc1: all warnings being treated as errors
Compilation failed
20ce7e3
Fri Mar 18 17:12:06 UTC 2022: 
 list.c | 10 ++++++++--
 1 file changed, 8 insertions(+), 2 deletions(-)
In file included from test.c:5:0:
list.c: In function ‘pushCurrent’:
list.c:90:16: error: implicit declaration of function ‘createnode’; did you mean ‘createNode’? [-Werror=implicit-function-declaration]
   Node *node = createnode(data);
                ^~~~~~~~~~
                createNode
list.c:90:16: error: initialization makes pointer from integer without a cast [-Werror=int-conversion]
list.c:97:10: error: expected ‘(’ before ‘{’ token
   else if{
          ^
list.c:100:10: error: expected ‘(’ before ‘{’ token
   else if{
          ^
cc1: all warnings being treated as errors
Compilation failed
8119808
Fri Mar 18 17:18:44 UTC 2022: 
 list.c | 6 ++----
 1 file changed, 2 insertions(+), 4 deletions(-)
In file included from test.c:5:0:
list.c: In function ‘pushCurrent’:
list.c:90:16: error: implicit declaration of function ‘createnode’; did you mean ‘createNode’? [-Werror=implicit-function-declaration]
   Node *node = createnode(data);
                ^~~~~~~~~~
                createNode
list.c:90:16: error: initialization makes pointer from integer without a cast [-Werror=int-conversion]
list.c:97:3: error: this ‘else’ clause does not guard... [-Werror=misleading-indentation]
   else
   ^~~~
list.c:100:5: note: ...this statement, but the latter is misleadingly indented as if it were guarded by the ‘else’
     list->head=node;
     ^~~~
cc1: all warnings being treated as errors
Compilation failed
c9de77c
Sun Mar 20 13:46:40 UTC 2022: 
 list.c | 5 +++--
 1 file changed, 3 insertions(+), 2 deletions(-)
In file included from test.c:5:0:
list.c: In function ‘pushCurrent’:
list.c:90:16: error: implicit declaration of function ‘createnode’; did you mean ‘createNode’? [-Werror=implicit-function-declaration]
   Node *node = createnode(data);
                ^~~~~~~~~~
                createNode
list.c:90:16: error: initialization makes pointer from integer without a cast [-Werror=int-conversion]
list.c:94:5: error: expected ‘;’ before ‘list’
     list->current->prev=node;
     ^~~~
list.c:98:3: error: this ‘else’ clause does not guard... [-Werror=misleading-indentation]
   else
   ^~~~
list.c:101:5: note: ...this statement, but the latter is misleadingly indented as if it were guarded by the ‘else’
     list->head=node;
     ^~~~
cc1: all warnings being treated as errors
Compilation failed
562934b
Sun Mar 20 13:46:59 UTC 2022: 
 list.c | 2 +-
 1 file changed, 1 insertion(+), 1 deletion(-)
In file included from test.c:5:0:
list.c: In function ‘pushCurrent’:
list.c:94:5: error: expected ‘;’ before ‘list’
     list->current->prev=node;
     ^~~~
list.c:98:3: error: this ‘else’ clause does not guard... [-Werror=misleading-indentation]
   else
   ^~~~
list.c:101:5: note: ...this statement, but the latter is misleadingly indented as if it were guarded by the ‘else’
     list->head=node;
     ^~~~
cc1: all warnings being treated as errors
Compilation failed
0536dca
Sun Mar 20 13:47:08 UTC 2022: 
 list.c | 2 +-
 1 file changed, 1 insertion(+), 1 deletion(-)
In file included from test.c:5:0:
list.c: In function ‘pushCurrent’:
list.c:98:3: error: this ‘else’ clause does not guard... [-Werror=misleading-indentation]
   else
   ^~~~
list.c:101:5: note: ...this statement, but the latter is misleadingly indented as if it were guarded by the ‘else’
     list->head=node;
     ^~~~
cc1: all warnings being treated as errors
Compilation failed
ce2c448
Sun Mar 20 13:48:18 UTC 2022: 
 list.c | 3 ++-
 1 file changed, 2 insertions(+), 1 deletion(-)
 tests:  10|2
total_score: 45/70
16264e3
Sun Mar 20 14:01:24 UTC 2022: 
 list.c | 10 +++++-----
 1 file changed, 5 insertions(+), 5 deletions(-)
 tests:  10|2
total_score: 45/70
1f37251
Sun Mar 20 14:05:36 UTC 2022: 
 list.c | 6 ++++--
 1 file changed, 4 insertions(+), 2 deletions(-)
 tests:  10|2
total_score: 45/70
9da0340
Sun Mar 20 14:07:23 UTC 2022: 
 list.c | 1 +
 1 file changed, 1 insertion(+)
 tests:  0|0
35c67a0
Sun Mar 20 14:13:35 UTC 2022: 
 list.c | 1 -
 1 file changed, 1 deletion(-)
 tests:  10|2
total_score: 45/70
d9f745a
Sun Mar 20 14:23:39 UTC 2022: 
 list.c | 15 +++++++--------
 1 file changed, 7 insertions(+), 8 deletions(-)
In file included from test.c:5:0:
list.c:98:5: error: expected identifier or ‘(’ before ‘else’
   } else if(list->head==NULL){
     ^~~~
list.c:100:4: error: expected identifier or ‘(’ before ‘else’
   }else{
    ^~~~
list.c:103:1: error: expected identifier or ‘(’ before ‘}’ token
 }
 ^
Compilation failed
42cb676
Sun Mar 20 14:24:05 UTC 2022: 
 list.c | 2 +-
 1 file changed, 1 insertion(+), 1 deletion(-)
In file included from test.c:5:0:
list.c:98:5: error: expected identifier or ‘(’ before ‘else’
   } else if(list->head==NULL){
     ^~~~
list.c:100:4: error: expected identifier or ‘(’ before ‘else’
   }else{
    ^~~~
list.c:103:1: error: expected identifier or ‘(’ before ‘}’ token
 }
 ^
Compilation failed
bd8cdfc
Sun Mar 20 14:24:36 UTC 2022: 
 list.c | 3 +--
 1 file changed, 1 insertion(+), 2 deletions(-)
 tests:  10|2
total_score: 45/70
eb24853
Sun Mar 20 14:26:43 UTC 2022: 
 list.c | 3 ++-
 1 file changed, 2 insertions(+), 1 deletion(-)
 tests:  10|2
total_score: 45/70
35e2982
Sun Mar 20 14:29:19 UTC 2022: 
 list.c | 1 +
 1 file changed, 1 insertion(+)
 tests:  10|2
total_score: 45/70
58e56bd
Sun Mar 20 14:30:15 UTC 2022: 
 list.c | 4 ++--
 1 file changed, 2 insertions(+), 2 deletions(-)
 tests:  10|2
total_score: 45/70
a5e743e
Sun Mar 20 14:33:34 UTC 2022: 
 list.c | 2 +-
 1 file changed, 1 insertion(+), 1 deletion(-)
 tests:  10|2
total_score: 45/70
5ff5882
Sun Mar 20 14:34:34 UTC 2022: 
 list.c | 2 +-
 1 file changed, 1 insertion(+), 1 deletion(-)
 tests:  10|2
total_score: 45/70
f8dd650
Sun Mar 20 14:34:50 UTC 2022: 
 list.c | 2 +-
 1 file changed, 1 insertion(+), 1 deletion(-)
 tests:  10|2
total_score: 45/70
25528f4
Sun Mar 20 14:37:51 UTC 2022: 
 list.c | 2 +-
 1 file changed, 1 insertion(+), 1 deletion(-)
 tests:  10|2
total_score: 45/70
0e202aa
Sun Mar 20 14:39:18 UTC 2022: 
 list.c | 3 ++-
 1 file changed, 2 insertions(+), 1 deletion(-)
In file included from test.c:5:0:
list.c: In function ‘pushCurrent’:
list.c:100:4: error: implicit declaration of function ‘elseif’ [-Werror=implicit-function-declaration]
   }elseif(list->head==NULL){
    ^~~~~~
list.c:100:28: error: expected ‘;’ before ‘{’ token
   }elseif(list->head==NULL){
                            ^
cc1: all warnings being treated as errors
Compilation failed
08defd0
Sun Mar 20 14:41:59 UTC 2022: 
 list.c | 2 +-
 1 file changed, 1 insertion(+), 1 deletion(-)
 tests:  10|2
total_score: 45/70
7b0efe2
Sun Mar 20 14:42:43 UTC 2022: 
 list.c | 4 +---
 1 file changed, 1 insertion(+), 3 deletions(-)
 tests:  10|2
total_score: 45/70
06831e1
Sun Mar 20 14:49:04 UTC 2022: 
 list.c | 2 --
 1 file changed, 2 deletions(-)
 tests:  10|2
total_score: 45/70
145b5e8
Sun Mar 20 14:49:43 UTC 2022: 
 list.c | 2 +-
 1 file changed, 1 insertion(+), 1 deletion(-)
 tests:  10|2
total_score: 45/70
c6fb1b5
Sun Mar 20 14:50:44 UTC 2022: 
 list.c | 2 +-
 1 file changed, 1 insertion(+), 1 deletion(-)
 tests:  10|2
total_score: 45/70
8bbdcb1
Sun Mar 20 14:54:31 UTC 2022: 
 list.c | 2 ++
 1 file changed, 2 insertions(+)
 tests:  11|1
total_score: 55/70
d7aaebf
Sun Mar 20 18:48:37 UTC 2022: 
 list.c | 7 +++++++
 1 file changed, 7 insertions(+)
In file included from test.c:5:0:
list.c: In function ‘popCurrent’:
list.c:118:3: error: expected ‘,’ or ‘;’ before ‘while’
   while(node->next!=list->current){
   ^~~~~
list.c:117:9: error: unused variable ‘node’ [-Werror=unused-variable]
   Node *node=list->head
         ^~~~
cc1: all warnings being treated as errors
Compilation failed
0e2bd32
Sun Mar 20 18:49:00 UTC 2022: 
 list.c | 2 +-
 1 file changed, 1 insertion(+), 1 deletion(-)
In file included from test.c:5:0:
list.c: In function ‘popCurrent’:
list.c:120:31: error: ‘Node {aka struct Node}’ has no member named ‘nect’; did you mean ‘next’?
     node->next=list->current->nect;
                               ^~~~
                               next
Compilation failed
9fe3bd8
Sun Mar 20 18:49:11 UTC 2022: 
 list.c | 2 +-
 1 file changed, 1 insertion(+), 1 deletion(-)
 tests:  0|0
0f8da11
Sun Mar 20 18:50:20 UTC 2022: 
 list.c | 2 +-
 1 file changed, 1 insertion(+), 1 deletion(-)
 tests:  0|0
42bb642
Sun Mar 20 18:51:55 UTC 2022: 
 list.c | 2 +-
 1 file changed, 1 insertion(+), 1 deletion(-)
In file included from test.c:5:0:
list.c: In function ‘popCurrent’:
list.c:123:3: error: expected ‘;’ before ‘}’ token
   }
   ^
Compilation failed
0857363
Sun Mar 20 18:54:05 UTC 2022: 
 list.c | 2 +-
 1 file changed, 1 insertion(+), 1 deletion(-)
 tests:  0|0
c53987f
Sun Mar 20 19:22:28 UTC 2022: 
 list.c | 21 ++++++++++++++++-----
 1 file changed, 16 insertions(+), 5 deletions(-)
In file included from test.c:5:0:
list.c: In function ‘popCurrent’:
list.c:131:29: error: ‘List {aka struct List}’ has no member named ‘prev’
     list->current->prev=list->prev->prev;
                             ^~
list.c:132:35: error: ‘List {aka struct List}’ has no member named ‘next’
     list->current->prev->next=list->next;
                                   ^~
list.c:118:9: error: unused variable ‘node’ [-Werror=unused-variable]
   Node *node = list->current->data;
         ^~~~
cc1: all warnings being treated as errors
Compilation failed
7ee0337
Sun Mar 20 19:24:10 UTC 2022: 
 list.c | 2 +-
 1 file changed, 1 insertion(+), 1 deletion(-)
In file included from test.c:5:0:
list.c: In function ‘popCurrent’:
list.c:132:35: error: ‘List {aka struct List}’ has no member named ‘next’
     list->current->prev->next=list->next;
                                   ^~
list.c:118:9: error: unused variable ‘node’ [-Werror=unused-variable]
   Node *node = list->current->data;
         ^~~~
cc1: all warnings being treated as errors
Compilation failed
e1308aa
Sun Mar 20 19:24:24 UTC 2022: 
 list.c | 2 +-
 1 file changed, 1 insertion(+), 1 deletion(-)
In file included from test.c:5:0:
list.c: In function ‘popCurrent’:
list.c:118:9: error: unused variable ‘node’ [-Werror=unused-variable]
   Node *node = list->current->data;
         ^~~~
cc1: all warnings being treated as errors
Compilation failed
3daabf7
Sun Mar 20 19:24:45 UTC 2022: 
 list.c | 2 +-
 1 file changed, 1 insertion(+), 1 deletion(-)
 tests:  0|0
f420e06
Sun Mar 20 19:27:05 UTC 2022: 
 list.c | 4 ++++
 1 file changed, 4 insertions(+)
 tests:  11|1
total_score: 55/70
9c44692
Sun Mar 20 19:50:41 UTC 2022: 
 list.c | 5 +++--
 1 file changed, 3 insertions(+), 2 deletions(-)
 tests:  0|0
fa0dc6f
Sun Mar 20 19:53:36 UTC 2022: 
 list.c | 6 +++---
 1 file changed, 3 insertions(+), 3 deletions(-)
 tests:  11|1
total_score: 55/70
891486f
Sun Mar 20 20:25:51 UTC 2022: 
 list.c | 2 +-
 1 file changed, 1 insertion(+), 1 deletion(-)
 tests:  11|1
total_score: 55/70
d06db7c
Sun Mar 20 20:28:02 UTC 2022: 
 list.c | 2 +-
 1 file changed, 1 insertion(+), 1 deletion(-)
 tests:  11|1
total_score: 55/70
28ed3eb
Sun Mar 20 20:29:30 UTC 2022: 
 list.c | 2 +-
 1 file changed, 1 insertion(+), 1 deletion(-)
 tests:  11|1
total_score: 55/70
3f4236b
Sun Mar 20 20:30:32 UTC 2022: 
 list.c | 2 +-
 1 file changed, 1 insertion(+), 1 deletion(-)
 tests:  11|1
total_score: 55/70
bbd7523
Sun Mar 20 20:31:58 UTC 2022: 
 list.c | 2 +-
 1 file changed, 1 insertion(+), 1 deletion(-)
 tests:  11|1
total_score: 55/70
521831c
Sun Mar 20 20:32:10 UTC 2022: 
 list.c | 2 +-
 1 file changed, 1 insertion(+), 1 deletion(-)
 tests:  11|1
total_score: 55/70
e6c20be
Sun Mar 20 20:35:00 UTC 2022: 
 list.c | 5 +++--
 1 file changed, 3 insertions(+), 2 deletions(-)
 tests:  11|1
total_score: 55/70
bd6c362
Sun Mar 20 20:36:29 UTC 2022: 
 list.c | 4 ++--
 1 file changed, 2 insertions(+), 2 deletions(-)
 tests:  11|1
total_score: 55/70
5e23caa
